bodaboda_android/app/build/intermediates/manifest_merge_blame_file/release/processReleaseMainManifest/manifest-merger-blame-release-report.txt
1<?xml version="1.0" encoding="utf-8"?>
2<manifest xmlns:android="http://schemas.android.com/apk/res/android"
3    package="com.bodaboda.app"
4    android:versionCode="3"
5    android:versionName="1.2" >
6
7    <uses-sdk
8        android:minSdkVersion="24"
9        android:targetSdkVersion="35" />
10
11    <uses-permission android:name="android.permission.INTERNET" />
11-->src/main/AndroidManifest.xml:2:5-67
11-->src/main/AndroidManifest.xml:2:22-64
12    <uses-permission android:name="android.permission.ACCESS_NETWORK_STATE" />
12-->src/main/AndroidManifest.xml:3:5-79
12-->src/main/AndroidManifest.xml:3:22-76
13    <uses-permission android:name="android.permission.POST_NOTIFICATIONS" />
13-->src/main/AndroidManifest.xml:4:5-77
13-->src/main/AndroidManifest.xml:4:22-74
14    <uses-permission android:name="android.permission.ACCESS_FINE_LOCATION" />
14-->src/main/AndroidManifest.xml:5:5-79
14-->src/main/AndroidManifest.xml:5:22-76
15    <uses-permission android:name="android.permission.ACCESS_COARSE_LOCATION" />
15-->src/main/AndroidManifest.xml:6:5-81
15-->src/main/AndroidManifest.xml:6:22-78
16
17    <application
17-->src/main/AndroidManifest.xml:8:5-27:19
18        android:allowBackup="true"
18-->src/main/AndroidManifest.xml:9:9-35
19        android:extractNativeLibs="false"
20        android:icon="@mipmap/ic_launcher"
20-->src/main/AndroidManifest.xml:11:9-43
21        android:label="BODA AU"
21-->src/main/AndroidManifest.xml:10:9-32
22        android:networkSecurityConfig="@xml/network_security_config"
22-->src/main/AndroidManifest.xml:14:9-69
23        android:roundIcon="@mipmap/ic_launcher_round"
23-->src/main/AndroidManifest.xml:12:9-54
24        android:theme="@style/Theme.BodaAU.Splash"
24-->src/main/AndroidManifest.xml:15:9-51
25        android:usesCleartextTraffic="false" >
25-->src/main/AndroidManifest.xml:13:9-45
26        <activity
26-->src/main/AndroidManifest.xml:17:9-25:20
27            android:name="com.bodaboda.app.MainActivity"
27-->src/main/AndroidManifest.xml:18:13-41
28            android:configChanges="orientation|screenSize"
28-->src/main/AndroidManifest.xml:20:13-59
29            android:exported="true" >
29-->src/main/AndroidManifest.xml:19:13-36
30            <intent-filter>
30-->src/main/AndroidManifest.xml:21:13-24:29
31                <action android:name="android.intent.action.MAIN" />
31-->src/main/AndroidManifest.xml:22:17-69
31-->src/main/AndroidManifest.xml:22:25-66
32
33                <category android:name="android.intent.category.LAUNCHER" />
33-->src/main/AndroidManifest.xml:23:17-77
33-->src/main/AndroidManifest.xml:23:27-74
34            </intent-filter>
35        </activity>
36    </application>
37
38</manifest>